0 info it worked if it ends with ok
1 verbose cli [ '/usr/bin/node', '/usr/bin/npm', 'install', 'delivery', '-g' ]
2 info using npm@1.4.28
3 info using node@v0.10.37
4 verbose node symlink /usr/bin/node
5 verbose cache add [ 'delivery', null ]
6 verbose cache add name=undefined spec="delivery" args=["delivery",null]
7 verbose parsed url { protocol: null,
7 verbose parsed url   slashes: null,
7 verbose parsed url   auth: null,
7 verbose parsed url   host: null,
7 verbose parsed url   port: null,
7 verbose parsed url   hostname: null,
7 verbose parsed url   hash: null,
7 verbose parsed url   search: null,
7 verbose parsed url   query: null,
7 verbose parsed url   pathname: 'delivery',
7 verbose parsed url   path: 'delivery',
7 verbose parsed url   href: 'delivery' }
8 silly lockFile 391cb1e0-delivery delivery
9 verbose lock delivery /home/bookmane/.npm/391cb1e0-delivery.lock
10 silly lockFile 391cb1e0-delivery delivery
11 silly lockFile 391cb1e0-delivery delivery
12 verbose addNamed [ 'delivery', '' ]
13 verbose addNamed [ null, '*' ]
14 silly lockFile a01eaa9d-delivery delivery@
15 verbose lock delivery@ /home/bookmane/.npm/a01eaa9d-delivery.lock
16 silly addNameRange { name: 'delivery', range: '*', hasData: false }
17 verbose request where is /delivery
18 verbose request registry https://registry.npmjs.org/
19 verbose request id 421f087215ca90ed
20 verbose url raw /delivery
21 verbose url resolving [ 'https://registry.npmjs.org/', './delivery' ]
22 verbose url resolved https://registry.npmjs.org/delivery
23 verbose request where is https://registry.npmjs.org/delivery
24 info trying registry request attempt 1 at 18:16:35
25 http GET https://registry.npmjs.org/delivery
26 http 200 https://registry.npmjs.org/delivery
27 silly registry.get cb [ 200,
27 silly registry.get   { server: 'CouchDB/1.6.1 (Erlang OTP/R16B03)',
27 silly registry.get     etag: '"DIRN78Q4TSKXK09MF0QNKJ8QO"',
27 silly registry.get     'content-type': 'application/json',
27 silly registry.get     'content-encoding': 'gzip',
27 silly registry.get     'cache-control': 'max-age=300',
27 silly registry.get     'content-length': '3564',
27 silly registry.get     'accept-ranges': 'bytes',
27 silly registry.get     date: 'Mon, 11 Jul 2016 12:46:41 GMT',
27 silly registry.get     via: '1.1 varnish',
27 silly registry.get     age: '0',
27 silly registry.get     connection: 'keep-alive',
27 silly registry.get     'x-served-by': 'cache-sin6924-SIN',
27 silly registry.get     'x-cache': 'MISS',
27 silly registry.get     'x-cache-hits': '0',
27 silly registry.get     'x-timer': 'S1468241201.177564,VS0,VE221',
27 silly registry.get     vary: 'Accept-Encoding' } ]
28 silly addNameRange number 2 { name: 'delivery', range: '*', hasData: true }
29 silly addNameRange versions [ 'delivery', [ '0.0.1', '0.0.2', '0.0.3', '0.0.4' ] ]
30 verbose addNamed [ 'delivery', '0.0.4' ]
31 verbose addNamed [ '0.0.4', '0.0.4' ]
32 silly lockFile 006201ba-delivery-0-0-4 delivery@0.0.4
33 verbose lock delivery@0.0.4 /home/bookmane/.npm/006201ba-delivery-0-0-4.lock
34 silly lockFile 2d1dc4f9--org-delivery-delivery-0-0-4-tgz https://registry.npmjs.org/delivery/-/delivery-0.0.4.tgz
35 verbose lock https://registry.npmjs.org/delivery/-/delivery-0.0.4.tgz /home/bookmane/.npm/2d1dc4f9--org-delivery-delivery-0-0-4-tgz.lock
36 verbose addRemoteTarball [ 'https://registry.npmjs.org/delivery/-/delivery-0.0.4.tgz',
36 verbose addRemoteTarball   'e1bb870ea5a49870395f11a0abbe279b8af89b6d' ]
37 info retry fetch attempt 1 at 18:16:37
38 verbose fetch to= /tmp/npm-18225-w6emHKMB/registry.npmjs.org/delivery/-/delivery-0.0.4.tgz
39 http GET https://registry.npmjs.org/delivery/-/delivery-0.0.4.tgz
40 http 200 https://registry.npmjs.org/delivery/-/delivery-0.0.4.tgz
41 silly lockFile 2d1dc4f9--org-delivery-delivery-0-0-4-tgz https://registry.npmjs.org/delivery/-/delivery-0.0.4.tgz
42 silly lockFile 2d1dc4f9--org-delivery-delivery-0-0-4-tgz https://registry.npmjs.org/delivery/-/delivery-0.0.4.tgz
43 silly lockFile 006201ba-delivery-0-0-4 delivery@0.0.4
44 silly lockFile 006201ba-delivery-0-0-4 delivery@0.0.4
45 silly lockFile a01eaa9d-delivery delivery@
46 silly lockFile a01eaa9d-delivery delivery@
47 silly resolved [ { name: 'delivery',
47 silly resolved     description: 'Bidirectional File Transfers For Node.js via Socket.IO',
47 silly resolved     author:
47 silly resolved      { name: 'Liam Kaufman',
47 silly resolved        email: 'liam.kaufman@gmail.com',
47 silly resolved        url: 'http://liamkaufman.com' },
47 silly resolved     version: '0.0.4',
47 silly resolved     keywords: [ 'file', 'transfer', 'push', 'socket.io', 'websockets' ],
47 silly resolved     repository:
47 silly resolved      { type: 'git',
47 silly resolved        url: 'git+https://liamks@github.com/liamks/Delivery.js.git' },
47 silly resolved     engines: { node: '>=0.6.0' },
47 silly resolved     dependencies: { 'socket.io': '*', 'node-uuid': '1.3.3', mime: '*' },
47 silly resolved     licenses: [ [Object] ],
47 silly resolved     main: 'index',
47 silly resolved     gitHead: '0ea1e8d319232728d4036d3e64b8f094c292e4c6',
47 silly resolved     bugs: { url: 'https://github.com/liamks/Delivery.js/issues' },
47 silly resolved     homepage: 'https://github.com/liamks/Delivery.js#readme',
47 silly resolved     _id: 'delivery@0.0.4',
47 silly resolved     scripts: {},
47 silly resolved     _shasum: 'e1bb870ea5a49870395f11a0abbe279b8af89b6d',
47 silly resolved     _from: 'delivery@',
47 silly resolved     _npmVersion: '2.11.2',
47 silly resolved     _nodeVersion: '0.12.6',
47 silly resolved     _npmUser: { name: 'liamkaufman', email: 'liam.kaufman@gmail.com' },
47 silly resolved     dist:
47 silly resolved      { shasum: 'e1bb870ea5a49870395f11a0abbe279b8af89b6d',
47 silly resolved        tarball: 'https://registry.npmjs.org/delivery/-/delivery-0.0.4.tgz' },
47 silly resolved     maintainers: [ [Object] ],
47 silly resolved     directories: {},
47 silly resolved     _resolved: 'https://registry.npmjs.org/delivery/-/delivery-0.0.4.tgz' } ]
48 info install delivery@0.0.4 into /usr/lib
49 info installOne delivery@0.0.4
50 verbose lib/node_modules/delivery unbuild
51 verbose tar unpack /home/bookmane/.npm/delivery/0.0.4/package.tgz
52 silly lockFile f04637b2-ar-usr-lib-node-modules-delivery tar:///usr/lib/node_modules/delivery
53 verbose lock tar:///usr/lib/node_modules/delivery /home/bookmane/.npm/f04637b2-ar-usr-lib-node-modules-delivery.lock
54 silly lockFile cfa47e95-e-npm-delivery-0-0-4-package-tgz tar:///home/bookmane/.npm/delivery/0.0.4/package.tgz
55 verbose lock tar:///home/bookmane/.npm/delivery/0.0.4/package.tgz /home/bookmane/.npm/cfa47e95-e-npm-delivery-0-0-4-package-tgz.lock
56 silly gunzTarPerm modes [ '775', '664' ]
57 error Error: EACCES, mkdir '/usr/lib/node_modules/delivery'
57 error  { [Error: EACCES, mkdir '/usr/lib/node_modules/delivery']
57 error   errno: 3,
57 error   code: 'EACCES',
57 error   path: '/usr/lib/node_modules/delivery',
57 error   fstream_type: 'Directory',
57 error   fstream_path: '/usr/lib/node_modules/delivery',
57 error   fstream_class: 'DirWriter',
57 error   fstream_stack:
57 error    [ '/usr/lib/node_modules/npm/node_modules/fstream/lib/dir-writer.js:36:23',
57 error      '/usr/lib/node_modules/npm/node_modules/mkdirp/index.js:46:53',
57 error      'Object.oncomplete (fs.js:108:15)' ] }
58 error Please try running this command again as root/Administrator.
59 error System Linux 3.13.0-88-generic
60 error command "/usr/bin/node" "/usr/bin/npm" "install" "delivery" "-g"
61 error cwd /home/bookmane/Desktop/chatbot
62 error node -v v0.10.37
63 error npm -v 1.4.28
64 error path /usr/lib/node_modules/delivery
65 error fstream_path /usr/lib/node_modules/delivery
66 error fstream_type Directory
67 error fstream_class DirWriter
68 error code EACCES
69 error errno 3
70 error stack Error: EACCES, mkdir '/usr/lib/node_modules/delivery'
71 error fstream_stack /usr/lib/node_modules/npm/node_modules/fstream/lib/dir-writer.js:36:23
71 error fstream_stack /usr/lib/node_modules/npm/node_modules/mkdirp/index.js:46:53
71 error fstream_stack Object.oncomplete (fs.js:108:15)
72 verbose exit [ 3, true ]
